c:\users\javier\desktop\hlocal\tpv2\tpv2\x64\debug\vc143.pdb
c:\users\javier\desktop\hlocal\tpv2\tpv2\x64\debug\vc143.idb
c:\users\javier\desktop\hlocal\tpv2\tpv2\x64\debug\vector2d.obj
c:\users\javier\desktop\hlocal\tpv2\tpv2\x64\debug\collisions.obj
c:\users\javier\desktop\hlocal\tpv2\tpv2\x64\debug\texture.obj
c:\users\javier\desktop\hlocal\tpv2\tpv2\x64\debug\soundeffect.obj
c:\users\javier\desktop\hlocal\tpv2\tpv2\x64\debug\sdlutils_demo.obj
c:\users\javier\desktop\hlocal\tpv2\tpv2\x64\debug\sdlutils.obj
c:\users\javier\desktop\hlocal\tpv2\tpv2\x64\debug\randomnumbergenerator.obj
c:\users\javier\desktop\hlocal\tpv2\tpv2\x64\debug\main.obj
c:\users\javier\desktop\hlocal\tpv2\tpv2\x64\debug\json_demo.obj
c:\users\javier\desktop\hlocal\tpv2\tpv2\x64\debug\jsonvalue.obj
c:\users\javier\desktop\hlocal\tpv2\tpv2\x64\debug\json.obj
c:\users\javier\desktop\hlocal\tpv2\tpv2\x64\debug\manager.obj
c:\users\javier\desktop\hlocal\tpv2\tpv2\x64\debug\game.obj
c:\users\javier\desktop\hlocal\tpv2\tpv2\x64\debug\stoponborders.obj
c:\users\javier\desktop\hlocal\tpv2\tpv2\x64\debug\starmotion.obj
c:\users\javier\desktop\hlocal\tpv2\tpv2\x64\debug\pacmanctrl.obj
c:\users\javier\desktop\hlocal\tpv2\tpv2\x64\debug\image.obj
c:\users\javier\desktop\hlocal\tpv2\tpv2\x64\debug\gamectrl.obj
c:\users\javier\desktop\hlocal\tpv2\bin\tpv2debug.exe
c:\users\javier\desktop\hlocal\tpv2\tpv2\x64\debug\tpv2debug.ilk
c:\users\javier\desktop\hlocal\tpv2\bin\tpv2debug.pdb
c:\users\samir\tpv2\tpv2\bin\tpv2debug.lib
c:\users\samir\tpv2\tpv2\bin\tpv2debug.exp
c:\users\javier\desktop\hlocal\tpv2\tpv2\x64\debug\vc142.idb
c:\users\javier\desktop\hlocal\tpv2\tpv2\x64\debug\vc142.pdb
c:\users\javier\desktop\hlocal\tpv2\tpv2\x64\debug\tpv2.tlog\cl.command.1.tlog
c:\users\javier\desktop\hlocal\tpv2\tpv2\x64\debug\tpv2.tlog\cl.read.1.tlog
c:\users\javier\desktop\hlocal\tpv2\tpv2\x64\debug\tpv2.tlog\cl.write.1.tlog
c:\users\javier\desktop\hlocal\tpv2\tpv2\x64\debug\tpv2.tlog\link.command.1.tlog
c:\users\javier\desktop\hlocal\tpv2\tpv2\x64\debug\tpv2.tlog\link.read.1.tlog
c:\users\javier\desktop\hlocal\tpv2\tpv2\x64\debug\tpv2.tlog\link.write.1.tlog
c:\users\javier\desktop\hlocal\tpv2\tpv2\x64\debug\tpv2.tlog\tpv2.write.1u.tlog
