C:\Program Files (x86)\Microsoft Visual Studio\2019\Community\MSBuild\Microsoft\VC\v160\Microsoft.CppBuild.targets(499,5): warning MSB8004: El directorio Output no termina con una barra diagonal final. Esta instancia de compilación agregará la barra diagonal porque es necesaria para que se pueda evaluar correctamente el directorio Output.
  GameCtrl.cpp
C:\Users\marta\OneDrive\Documentos\GitHub\Asteroids\TPV2\src\components\GameCtrl.cpp(47,19): warning C4244: 'argumento': conversión de 'int' a 'float'; posible pérdida de datos
C:\Users\marta\OneDrive\Documentos\GitHub\Asteroids\TPV2\src\components\GameCtrl.cpp(46,18): warning C4244: 'argumento': conversión de 'int' a 'float'; posible pérdida de datos
C:\Users\marta\OneDrive\Documentos\GitHub\Asteroids\TPV2\src\components\GameCtrl.cpp(73,24): warning C4244: 'argumento': conversión de 'int' a 'float'; posible pérdida de datos
C:\Users\marta\OneDrive\Documentos\GitHub\Asteroids\TPV2\src\components\GameCtrl.cpp(73,21): warning C4244: 'argumento': conversión de 'int' a 'float'; posible pérdida de datos
C:\Users\marta\OneDrive\Documentos\GitHub\Asteroids\TPV2\src\components\GameCtrl.cpp(73,43): warning C4244: 'argumento': conversión de 'int' a 'float'; posible pérdida de datos
C:\Users\marta\OneDrive\Documentos\GitHub\Asteroids\TPV2\src\components\GameCtrl.cpp(73,40): warning C4244: 'argumento': conversión de 'int' a 'float'; posible pérdida de datos
  Image.cpp
  PacManCtrl.cpp
  StarMotion.cpp
  StopOnBorders.cpp
  Manager.cpp
  Game.cpp
  JSON.cpp
  JSONValue.cpp
  json_demo.cpp
  main.cpp
  RandomNumberGenerator.cpp
  SDLUtils.cpp
  sdlutils_demo.cpp
  SoundEffect.cpp
  Texture.cpp
  Collisions.cpp
  Vector2D.cpp
  Generando código...
  TPV2.vcxproj -> C:\Users\marta\OneDrive\Documentos\GitHub\Asteroids\bin\TPV2Debug.exe
